0 info it worked if it ends with ok
1 verbose cli [ '/usr/local/bin/node', '/usr/local/bin/npm', 'start' ]
2 info using npm@3.10.10
3 info using node@v6.10.0
4 verbose run-script [ 'prestart', 'start', 'poststart' ]
5 info lifecycle TradierClient@1.0.0~prestart: TradierClient@1.0.0
6 silly lifecycle TradierClient@1.0.0~prestart: no script for prestart, continuing
7 info lifecycle TradierClient@1.0.0~start: TradierClient@1.0.0
8 verbose lifecycle TradierClient@1.0.0~start: unsafe-perm in lifecycle true
9 verbose lifecycle TradierClient@1.0.0~start: PATH: /usr/local/lib/node_modules/npm/bin/node-gyp-bin:/Users/vincentporta/Desktop/OpenSource/TradierClient/node_modules/.bin:/Users/vincentporta/.rbenv/shims:/Users/vincentporta/.rbenv/shims:/Applications/MAMP/bin/php/php5.4.10/bin:/Applications/Postgres.app/Contents/Versions/latest/bin:/usr/local:/usr/local/bin:/usr/local/sbin:/usr/bin:/usr/local/bin:/usr/bin:/bin:/usr/sbin:/sbin:/usr/local/git/bin:/Users/vincentporta/.rbenv/bin:/Users/vincentporta/.rbenv/bin
10 verbose lifecycle TradierClient@1.0.0~start: CWD: /Users/vincentporta/Desktop/OpenSource/TradierClient
11 silly lifecycle TradierClient@1.0.0~start: Args: [ '-c', 'babel-node --presets es2015 index.js' ]
12 silly lifecycle TradierClient@1.0.0~start: Returned: code: 1  signal: null
13 info lifecycle TradierClient@1.0.0~start: Failed to exec start script
14 verbose stack Error: TradierClient@1.0.0 start: `babel-node --presets es2015 index.js`
14 verbose stack Exit status 1
14 verbose stack     at EventEmitter.<anonymous> (/usr/local/lib/node_modules/npm/lib/utils/lifecycle.js:255:16)
14 verbose stack     at emitTwo (events.js:106:13)
14 verbose stack     at EventEmitter.emit (events.js:191:7)
14 verbose stack     at ChildProcess.<anonymous> (/usr/local/lib/node_modules/npm/lib/utils/spawn.js:40:14)
14 verbose stack     at emitTwo (events.js:106:13)
14 verbose stack     at ChildProcess.emit (events.js:191:7)
14 verbose stack     at maybeClose (internal/child_process.js:877:16)
14 verbose stack     at Process.ChildProcess._handle.onexit (internal/child_process.js:226:5)
15 verbose pkgid TradierClient@1.0.0
16 verbose cwd /Users/vincentporta/Desktop/OpenSource/TradierClient
17 error Darwin 16.5.0
18 error argv "/usr/local/bin/node" "/usr/local/bin/npm" "start"
19 error node v6.10.0
20 error npm  v3.10.10
21 error code ELIFECYCLE
22 error TradierClient@1.0.0 start: `babel-node --presets es2015 index.js`
22 error Exit status 1
23 error Failed at the TradierClient@1.0.0 start script 'babel-node --presets es2015 index.js'.
23 error Make sure you have the latest version of node.js and npm installed.
23 error If you do, this is most likely a problem with the TradierClient package,
23 error not with npm itself.
23 error Tell the author that this fails on your system:
23 error     babel-node --presets es2015 index.js
23 error You can get information on how to open an issue for this project with:
23 error     npm bugs TradierClient
23 error Or if that isn't available, you can get their info via:
23 error     npm owner ls TradierClient
23 error There is likely additional logging output above.
24 verbose exit [ 1, true ]
